#
# There is insufficient memory for the Java Runtime Environment to continue.
# Native memory allocation (mmap) failed to map 633339904 bytes for G1 virtual space
# Possible reasons:
#   The system is out of physical RAM or swap space
#   The process is running with CompressedOops enabled, and the Java Heap may be blocking the growth of the native heap
# Possible solutions:
#   Reduce memory load on the system
#   Increase physical memory or swap space
#   Check if swap backing store is full
#   Decrease Java heap size (-Xmx/-Xms)
#   Decrease number of Java threads
#   Decrease Java thread stack sizes (-Xss)
#   Set larger code cache with -XX:ReservedCodeCacheSize=
#   JVM is running with Zero Based Compressed Oops mode in which the Java heap is
#     placed in the first 32GB address space. The Java Heap base address is the
#     maximum limit for the native heap growth. Please use -XX:HeapBaseMinAddress
#     to set the Java Heap base and to place the Java Heap above 32GB virtual address.
# This output file may be truncated or incomplete.
#
#  Out of Memory Error (os_windows.cpp:3530), pid=9612, tid=18008
#
# JRE version: Java(TM) SE Runtime Environment (18.0.1.1+2) (build 18.0.1.1+2-6)
# Java VM: Java HotSpot(TM) 64-Bit Server VM (18.0.1.1+2-6, mixed mode, sharing, tiered, compressed oops, compressed class ptrs, g1 gc, windows-amd64)
# No core dump will be written. Minidumps are not enabled by default on client versions of Windows
#

---------------  S U M M A R Y ------------

Command Line: -Dfile.encoding=UTF-8 -Dstdout.encoding=UTF-8 -Dstderr.encoding=UTF-8 -XX:+ShowCodeDetailsInExceptionMessages Assignment.Hashing_Search

Host: Intel(R) Core(TM) i5-8250U CPU @ 1.60GHz, 8 cores, 23G,  Windows 10 , 64 bit Build 19041 (10.0.19041.3636)
Time: Fri Apr 26 00:20:41 2024 Malay Peninsula Standard Time elapsed time: 0.368063 seconds (0d 0h 0m 0s)

---------------  T H R E A D  ---------------

Current thread (0x000001493f19fed0):  VMThread "VM Thread" [stack: 0x0000001a23f00000,0x0000001a24000000] [id=18008]

Stack: [0x0000001a23f00000,0x0000001a24000000]
Native frames: (J=compiled Java code, j=interpreted, Vv=VM code, C=native code)
V  [jvm.dll+0x69887a]
V  [jvm.dll+0x7f38bd]
V  [jvm.dll+0x7f51ce]
V  [jvm.dll+0x7f5883]
V  [jvm.dll+0x25ca3f]
V  [jvm.dll+0x6957c9]
V  [jvm.dll+0x68a2fa]
V  [jvm.dll+0x321efb]
V  [jvm.dll+0x3298d6]
V  [jvm.dll+0x37e47e]
V  [jvm.dll+0x37e6af]
V  [jvm.dll+0x2f9c7a]
V  [jvm.dll+0x2f9d27]
V  [jvm.dll+0x33e262]
V  [jvm.dll+0x33c804]
V  [jvm.dll+0x2f9450]
V  [jvm.dll+0x33bddb]
V  [jvm.dll+0x7fa66b]
V  [jvm.dll+0x7fb404]
V  [jvm.dll+0x7fb93c]
V  [jvm.dll+0x7fbd94]
V  [jvm.dll+0x7fbe57]
V  [jvm.dll+0x7a03ea]
V  [jvm.dll+0x697725]
C  [ucrtbase.dll+0x21bb2]
C  [KERNEL32.DLL+0x17344]
C  [ntdll.dll+0x526b1]

VM_Operation (0x0000001a239fed10): G1CollectForAllocation, mode: safepoint, requested by thread 0x0000014917e76a90


---------------  P R O C E S S  ---------------

Threads class SMR info:
_java_thread_list=0x0000014943e6df00, length=13, elements={
0x0000014917e76a90, 0x000001493f1a6fb0, 0x000001493f1a7b20, 0x000001493f1c3690,
0x000001493f1c3f40, 0x000001493f1c6800, 0x000001493f1c70b0, 0x000001493f1d31a0,
0x000001493f1d3a90, 0x000001493f1d6390, 0x0000014943ce3520, 0x0000014943d0adf0,
0x0000014943d39320
}

Java Threads: ( => current thread )
  0x0000014917e76a90 JavaThread "main" [_thread_blocked, id=17496, stack(0x0000001a23900000,0x0000001a23a00000)]
  0x000001493f1a6fb0 JavaThread "Reference Handler" daemon [_thread_blocked, id=2940, stack(0x0000001a24000000,0x0000001a24100000)]
  0x000001493f1a7b20 JavaThread "Finalizer" daemon [_thread_blocked, id=11252, stack(0x0000001a24100000,0x0000001a24200000)]
  0x000001493f1c3690 JavaThread "Signal Dispatcher" daemon [_thread_blocked, id=11080, stack(0x0000001a24200000,0x0000001a24300000)]
  0x000001493f1c3f40 JavaThread "Attach Listener" daemon [_thread_blocked, id=12272, stack(0x0000001a24300000,0x0000001a24400000)]
  0x000001493f1c6800 JavaThread "Service Thread" daemon [_thread_blocked, id=280, stack(0x0000001a24400000,0x0000001a24500000)]
  0x000001493f1c70b0 JavaThread "Monitor Deflation Thread" daemon [_thread_blocked, id=284, stack(0x0000001a24500000,0x0000001a24600000)]
  0x000001493f1d31a0 JavaThread "C2 CompilerThread0" daemon [_thread_blocked, id=18000, stack(0x0000001a24600000,0x0000001a24700000)]
  0x000001493f1d3a90 JavaThread "C1 CompilerThread0" daemon [_thread_blocked, id=19008, stack(0x0000001a24700000,0x0000001a24800000)]
  0x000001493f1d6390 JavaThread "Sweeper thread" daemon [_thread_blocked, id=19036, stack(0x0000001a24800000,0x0000001a24900000)]
  0x0000014943ce3520 JavaThread "Notification Thread" daemon [_thread_blocked, id=8372, stack(0x0000001a24900000,0x0000001a24a00000)]
  0x0000014943d0adf0 JavaThread "Common-Cleaner" daemon [_thread_blocked, id=18816, stack(0x0000001a24b00000,0x0000001a24c00000)]
  0x0000014943d39320 JavaThread "C2 CompilerThread1" daemon [_thread_blocked, id=19056, stack(0x0000001a24c00000,0x0000001a24d00000)]

Other Threads:
=>0x000001493f19fed0 VMThread "VM Thread" [stack: 0x0000001a23f00000,0x0000001a24000000] [id=18008]
  0x000001493f1937c0 WatcherThread "VM Periodic Task Thread" [stack: 0x0000001a24a00000,0x0000001a24b00000] [id=17732]
  0x0000014917f03dc0 WorkerThread "GC Thread#0" [stack: 0x0000001a23a00000,0x0000001a23b00000] [id=11212]
  0x0000014943f8d9c0 WorkerThread "GC Thread#1" [stack: 0x0000001a24e00000,0x0000001a24f00000] [id=19080]
  0x0000014943de0560 WorkerThread "GC Thread#2" [stack: 0x0000001a24f00000,0x0000001a25000000] [id=19088]
  0x0000014943d91a80 WorkerThread "GC Thread#3" [stack: 0x0000001a25000000,0x0000001a25100000] [id=19084]
  0x0000014943d91d20 WorkerThread "GC Thread#4" [stack: 0x0000001a25100000,0x0000001a25200000] [id=19092]
  0x0000014943d91fc0 WorkerThread "GC Thread#5" [stack: 0x0000001a25200000,0x0000001a25300000] [id=19100]
  0x0000014943d92260 WorkerThread "GC Thread#6" [stack: 0x0000001a25300000,0x0000001a25400000] [id=19108]
  0x0000014943ffe250 WorkerThread "GC Thread#7" [stack: 0x0000001a25400000,0x0000001a25500000] [id=19104]
  0x0000014917f132d0 ConcurrentGCThread "G1 Main Marker" [stack: 0x0000001a23b00000,0x0000001a23c00000] [id=676]
  0x0000014917f13bd0 WorkerThread "G1 Conc#0" [stack: 0x0000001a23c00000,0x0000001a23d00000] [id=18760]
  0x0000014917f3b060 ConcurrentGCThread "G1 Refine#0" [stack: 0x0000001a23d00000,0x0000001a23e00000] [id=7312]
  0x0000014943fc1c20 ConcurrentGCThread "G1 Refine#1" [stack: 0x0000001a25500000,0x0000001a25600000] [id=19076]
  0x0000014943f5bc20 ConcurrentGCThread "G1 Refine#2" [stack: 0x0000001a25600000,0x0000001a25700000] [id=19116]
  0x0000014943fc0f00 ConcurrentGCThread "G1 Refine#3" [stack: 0x0000001a25700000,0x0000001a25800000] [id=19120]
  0x0000014943fc1710 ConcurrentGCThread "G1 Refine#4" [stack: 0x0000001a25800000,0x0000001a25900000] [id=19128]
  0x0000014943f3b060 ConcurrentGCThread "G1 Refine#5" [stack: 0x0000001a25900000,0x0000001a25a00000] [id=19124]
  0x0000014917f3b880 ConcurrentGCThread "G1 Service" [stack: 0x0000001a23e00000,0x0000001a23f00000] [id=2740]

Threads with active compile tasks:

VM state: at safepoint (normal execution)

VM Mutex/Monitor currently owned by a thread:  ([mutex/lock_event])
[0x0000014917e71770] Threads_lock - owner thread: 0x000001493f19fed0
[0x0000014917e70b10] Heap_lock - owner thread: 0x0000014917e76a90

Heap address: 0x0000000681c00000, size: 6116 MB, Compressed Oops mode: Zero based, Oop shift amount: 3

CDS archive(s) mapped at: [0x0000000800000000-0x0000000800ba0000-0x0000000800ba0000), size 12189696, SharedBaseAddress: 0x0000000800000000, ArchiveRelocationMode: 0.
Compressed class space mapped at: 0x0000000800c00000-0x0000000840c00000, reserved size: 1073741824
Narrow klass base: 0x0000000800000000, Narrow klass shift: 0, Narrow klass range: 0x100000000

GC Precious Log:
 CardTable entry size: 512
 Card Set container configuration: InlinePtr #cards 4 size 8 Array Of Cards #cards 32 size 80 Howl #buckets 8 coarsen threshold 7372 Howl Bitmap #cards 1024 size 144 coarsen threshold 921 Card regions per heap region 1 cards per card region 8192
 CPUs: 8 total, 8 available
 Memory: 24456M
 Large Page Support: Disabled
 NUMA Support: Disabled
 Compressed Oops: Enabled (Zero based)
 Heap Region Size: 4M
 Heap Min Capacity: 8M
 Heap Initial Capacity: 384M
 Heap Max Capacity: 6116M
 Pre-touch: Disabled
 Parallel Workers: 8
 Concurrent Workers: 2
 Concurrent Refinement Workers: 8
 Periodic GC: Disabled

Heap:
 garbage-first heap   total 393216K, used 80828K [0x0000000681c00000, 0x0000000800000000)
  region size 4096K, 1 young (4096K), 1 survivors (4096K)
 Metaspace       used 266K, committed 448K, reserved 1114112K
  class space    used 10K, committed 128K, reserved 1048576K

Heap Regions: E=young(eden), S=young(survivor), O=old, HS=humongous(starts), HC=humongous(continues), CS=collection set, F=free, OA=open archive, CA=closed archive, TAMS=top-at-mark-start (previous, next)
|   0|0x0000000681c00000, 0x0000000682000000, 0x0000000682000000|100%| O|  |TAMS 0x0000000681c00000, 0x0000000681c00000| Untracked 
|   1|0x0000000682000000, 0x0000000682400000, 0x0000000682400000|100%| O|  |TAMS 0x0000000682000000, 0x0000000682000000| Untracked 
|   2|0x0000000682400000, 0x0000000682800000, 0x0000000682800000|100%| O|  |TAMS 0x0000000682400000, 0x0000000682400000| Untracked 
|   3|0x0000000682800000, 0x0000000682c00000, 0x0000000682c00000|100%| O|  |TAMS 0x0000000682800000, 0x0000000682800000| Untracked 
|   4|0x0000000682c00000, 0x0000000683000000, 0x0000000683000000|100%| O|  |TAMS 0x0000000682c00000, 0x0000000682c00000| Untracked 
|   5|0x0000000683000000, 0x0000000683400000, 0x0000000683400000|100%| O|  |TAMS 0x0000000683000000, 0x0000000683000000| Untracked 
|   6|0x0000000683400000, 0x0000000683800000, 0x0000000683800000|100%| O|  |TAMS 0x0000000683400000, 0x0000000683400000| Untracked 
|   7|0x0000000683800000, 0x0000000683c00000, 0x0000000683c00000|100%|HS|  |TAMS 0x0000000683800000, 0x0000000683800000| Complete 
|   8|0x0000000683c00000, 0x0000000684000000, 0x0000000684000000|100%| O|  |TAMS 0x0000000683c00000, 0x0000000683c00000| Untracked 
|   9|0x0000000684000000, 0x0000000684400000, 0x0000000684400000|100%| O|  |TAMS 0x0000000684000000, 0x0000000684000000| Untracked 
|  10|0x0000000684400000, 0x0000000684800000, 0x0000000684800000|100%| O|  |TAMS 0x0000000684400000, 0x0000000684400000| Untracked 
|  11|0x0000000684800000, 0x0000000684c00000, 0x0000000684c00000|100%| O|  |TAMS 0x0000000684800000, 0x0000000684800000| Untracked 
|  12|0x0000000684c00000, 0x0000000685000000, 0x0000000685000000|100%| O|  |TAMS 0x0000000684c00000, 0x0000000684c00000| Untracked 
|  13|0x0000000685000000, 0x0000000685400000, 0x0000000685400000|100%| O|  |TAMS 0x0000000685000000, 0x0000000685000000| Untracked 
|  14|0x0000000685400000, 0x0000000685800000, 0x0000000685800000|100%| O|  |TAMS 0x0000000685400000, 0x0000000685400000| Untracked 
|  15|0x0000000685800000, 0x0000000685c00000, 0x0000000685c00000|100%| O|  |TAMS 0x0000000685800000, 0x0000000685800000| Untracked 
|  16|0x0000000685c00000, 0x0000000686000000, 0x0000000686000000|100%| O|  |TAMS 0x0000000685c00000, 0x0000000685c00000| Untracked 
|  17|0x0000000686000000, 0x0000000686400000, 0x0000000686400000|100%| O|  |TAMS 0x0000000686000000, 0x0000000686000000| Untracked 
|  18|0x0000000686400000, 0x00000006866ef200, 0x0000000686800000| 73%| O|  |TAMS 0x0000000686400000, 0x0000000686400000| Untracked 
|  19|0x0000000686800000, 0x0000000686800000, 0x0000000686c00000|  0%| F|  |TAMS 0x0000000686800000, 0x0000000686800000| Untracked 
|  20|0x0000000686c00000, 0x0000000686c00000, 0x0000000687000000|  0%| F|  |TAMS 0x0000000686c00000, 0x0000000686c00000| Untracked 
|  21|0x0000000687000000, 0x0000000687000000, 0x0000000687400000|  0%| F|  |TAMS 0x0000000687000000, 0x0000000687000000| Untracked 
|  22|0x0000000687400000, 0x0000000687400000, 0x0000000687800000|  0%| F|  |TAMS 0x0000000687400000, 0x0000000687400000| Untracked 
|  23|0x0000000687800000, 0x0000000687800000, 0x0000000687c00000|  0%| F|  |TAMS 0x0000000687800000, 0x0000000687800000| Untracked 
|  24|0x0000000687c00000, 0x0000000687c00000, 0x0000000688000000|  0%| F|  |TAMS 0x0000000687c00000, 0x0000000687c00000| Untracked 
|  25|0x0000000688000000, 0x0000000688000000, 0x0000000688400000|  0%| F|  |TAMS 0x0000000688000000, 0x0000000688000000| Untracked 
|  26|0x0000000688400000, 0x0000000688400000, 0x0000000688800000|  0%| F|  |TAMS 0x0000000688400000, 0x0000000688400000| Untracked 
|  27|0x0000000688800000, 0x0000000688800000, 0x0000000688c00000|  0%| F|  |TAMS 0x0000000688800000, 0x0000000688800000| Untracked 
|  28|0x0000000688c00000, 0x0000000688c00000, 0x0000000689000000|  0%| F|  |TAMS 0x0000000688c00000, 0x0000000688c00000| Untracked 
|  29|0x0000000689000000, 0x0000000689000000, 0x0000000689400000|  0%| F|  |TAMS 0x0000000689000000, 0x0000000689000000| Untracked 
|  30|0x0000000689400000, 0x0000000689400000, 0x0000000689800000|  0%| F|  |TAMS 0x0000000689400000, 0x0000000689400000| Untracked 
|  31|0x0000000689800000, 0x0000000689800000, 0x0000000689c00000|  0%| F|  |TAMS 0x0000000689800000, 0x0000000689800000| Untracked 
|  32|0x0000000689c00000, 0x0000000689c00000, 0x000000068a000000|  0%| F|  |TAMS 0x0000000689c00000, 0x0000000689c00000| Untracked 
|  33|0x000000068a000000, 0x000000068a000000, 0x000000068a400000|  0%| F|  |TAMS 0x000000068a000000, 0x000000068a000000| Untracked 
|  34|0x000000068a400000, 0x000000068a400000, 0x000000068a800000|  0%| F|  |TAMS 0x000000068a400000, 0x000000068a400000| Untracked 
|  35|0x000000068a800000, 0x000000068a800000, 0x000000068ac00000|  0%| F|  |TAMS 0x000000068a800000, 0x000000068a800000| Untracked 
|  36|0x000000068ac00000, 0x000000068ac00000, 0x000000068b000000|  0%| F|  |TAMS 0x000000068ac00000, 0x000000068ac00000| Untracked 
|  37|0x000000068b000000, 0x000000068b000000, 0x000000068b400000|  0%| F|  |TAMS 0x000000068b000000, 0x000000068b000000| Untracked 
|  38|0x000000068b400000, 0x000000068b400000, 0x000000068b800000|  0%| F|  |TAMS 0x000000068b400000, 0x000000068b400000| Untracked 
|  39|0x000000068b800000, 0x000000068b800000, 0x000000068bc00000|  0%| F|  |TAMS 0x000000068b800000, 0x000000068b800000| Untracked 
|  40|0x000000068bc00000, 0x000000068bc00000, 0x000000068c000000|  0%| F|  |TAMS 0x000000068bc00000, 0x000000068bc00000| Untracked 
|  41|0x000000068c000000, 0x000000068c000000, 0x000000068c400000|  0%| F|  |TAMS 0x000000068c000000, 0x000000068c000000| Untracked 
|  42|0x000000068c400000, 0x000000068c400000, 0x000000068c800000|  0%| F|  |TAMS 0x000000068c400000, 0x000000068c400000| Untracked 
|  43|0x000000068c800000, 0x000000068c800000, 0x000000068cc00000|  0%| F|  |TAMS 0x000000068c800000, 0x000000068c800000| Untracked 
|  44|0x000000068cc00000, 0x000000068cc00000, 0x000000068d000000|  0%| F|  |TAMS 0x000000068cc00000, 0x000000068cc00000| Untracked 
|  45|0x000000068d000000, 0x000000068d000000, 0x000000068d400000|  0%| F|  |TAMS 0x000000068d000000, 0x000000068d000000| Untracked 
|  46|0x000000068d400000, 0x000000068d400000, 0x000000068d800000|  0%| F|  |TAMS 0x000000068d400000, 0x000000068d400000| Untracked 
|  47|0x000000068d800000, 0x000000068d800000, 0x000000068dc00000|  0%| F|  |TAMS 0x000000068d800000, 0x000000068d800000| Untracked 
|  48|0x000000068dc00000, 0x000000068dc00000, 0x000000068e000000|  0%| F|  |TAMS 0x000000068dc00000, 0x000000068dc00000| Untracked 
|  49|0x000000068e000000, 0x000000068e000000, 0x000000068e400000|  0%| F|  |TAMS 0x000000068e000000, 0x000000068e000000| Untracked 
|  50|0x000000068e400000, 0x000000068e400000, 0x000000068e800000|  0%| F|  |TAMS 0x000000068e400000, 0x000000068e400000| Untracked 
|  51|0x000000068e800000, 0x000000068e800000, 0x000000068ec00000|  0%| F|  |TAMS 0x000000068e800000, 0x000000068e800000| Untracked 
|  52|0x000000068ec00000, 0x000000068ec00000, 0x000000068f000000|  0%| F|  |TAMS 0x000000068ec00000, 0x000000068ec00000| Untracked 
|  53|0x000000068f000000, 0x000000068f000000, 0x000000068f400000|  0%| F|  |TAMS 0x000000068f000000, 0x000000068f000000| Untracked 
|  54|0x000000068f400000, 0x000000068f400000, 0x000000068f800000|  0%| F|  |TAMS 0x000000068f400000, 0x000000068f400000| Untracked 
|  55|0x000000068f800000, 0x000000068f800000, 0x000000068fc00000|  0%| F|  |TAMS 0x000000068f800000, 0x000000068f800000| Untracked 
|  56|0x000000068fc00000, 0x000000068fc00000, 0x0000000690000000|  0%| F|  |TAMS 0x000000068fc00000, 0x000000068fc00000| Untracked 
|  57|0x0000000690000000, 0x0000000690000000, 0x0000000690400000|  0%| F|  |TAMS 0x0000000690000000, 0x0000000690000000| Untracked 
|  58|0x0000000690400000, 0x0000000690400000, 0x0000000690800000|  0%| F|  |TAMS 0x0000000690400000, 0x0000000690400000| Untracked 
|  59|0x0000000690800000, 0x0000000690800000, 0x0000000690c00000|  0%| F|  |TAMS 0x0000000690800000, 0x0000000690800000| Untracked 
|  60|0x0000000690c00000, 0x0000000690c00000, 0x0000000691000000|  0%| F|  |TAMS 0x0000000690c00000, 0x0000000690c00000| Untracked 
|  61|0x0000000691000000, 0x0000000691000000, 0x0000000691400000|  0%| F|  |TAMS 0x0000000691000000, 0x0000000691000000| Untracked 
|  62|0x0000000691400000, 0x0000000691400000, 0x0000000691800000|  0%| F|  |TAMS 0x0000000691400000, 0x0000000691400000| Untracked 
|  63|0x0000000691800000, 0x0000000691800000, 0x0000000691c00000|  0%| F|  |TAMS 0x0000000691800000, 0x0000000691800000| Untracked 
|  64|0x0000000691c00000, 0x0000000691c00000, 0x0000000692000000|  0%| F|  |TAMS 0x0000000691c00000, 0x0000000691c00000| Untracked 
|  65|0x0000000692000000, 0x0000000692000000, 0x0000000692400000|  0%| F|  |TAMS 0x0000000692000000, 0x0000000692000000| Untracked 
|  66|0x0000000692400000, 0x0000000692400000, 0x0000000692800000|  0%| F|  |TAMS 0x0000000692400000, 0x0000000692400000| Untracked 
|  67|0x0000000692800000, 0x0000000692800000, 0x0000000692c00000|  0%| F|  |TAMS 0x0000000692800000, 0x0000000692800000| Untracked 
|  68|0x0000000692c00000, 0x0000000692c00000, 0x0000000693000000|  0%| F|  |TAMS 0x0000000692c00000, 0x0000000692c00000| Untracked 
|  69|0x0000000693000000, 0x0000000693000000, 0x0000000693400000|  0%| F|  |TAMS 0x0000000693000000, 0x0000000693000000| Untracked 
|  70|0x0000000693400000, 0x0000000693400000, 0x0000000693800000|  0%| F|  |TAMS 0x0000000693400000, 0x0000000693400000| Untracked 
|  71|0x0000000693800000, 0x0000000693800000, 0x0000000693c00000|  0%| F|  |TAMS 0x0000000693800000, 0x0000000693800000| Untracked 
|  72|0x0000000693c00000, 0x0000000693c00000, 0x0000000694000000|  0%| F|  |TAMS 0x0000000693c00000, 0x0000000693c00000| Untracked 
|  73|0x0000000694000000, 0x0000000694000000, 0x0000000694400000|  0%| F|  |TAMS 0x0000000694000000, 0x0000000694000000| Untracked 
|  74|0x0000000694400000, 0x0000000694400000, 0x0000000694800000|  0%| F|  |TAMS 0x0000000694400000, 0x0000000694400000| Untracked 
|  75|0x0000000694800000, 0x0000000694800000, 0x0000000694c00000|  0%| F|  |TAMS 0x0000000694800000, 0x0000000694800000| Untracked 
|  76|0x0000000694c00000, 0x0000000694c00000, 0x0000000695000000|  0%| F|  |TAMS 0x0000000694c00000, 0x0000000694c00000| Untracked 
|  77|0x0000000695000000, 0x0000000695000000, 0x0000000695400000|  0%| F|  |TAMS 0x0000000695000000, 0x0000000695000000| Untracked 
|  78|0x0000000695400000, 0x0000000695400000, 0x0000000695800000|  0%| F|  |TAMS 0x0000000695400000, 0x0000000695400000| Untracked 
|  79|0x0000000695800000, 0x0000000695800000, 0x0000000695c00000|  0%| F|  |TAMS 0x0000000695800000, 0x0000000695800000| Untracked 
|  80|0x0000000695c00000, 0x0000000695c00000, 0x0000000696000000|  0%| F|  |TAMS 0x0000000695c00000, 0x0000000695c00000| Untracked 
|  81|0x0000000696000000, 0x0000000696000000, 0x0000000696400000|  0%| F|  |TAMS 0x0000000696000000, 0x0000000696000000| Untracked 
|  82|0x0000000696400000, 0x0000000696400000, 0x0000000696800000|  0%| F|  |TAMS 0x0000000696400000, 0x0000000696400000| Untracked 
|  83|0x0000000696800000, 0x0000000696800000, 0x0000000696c00000|  0%| F|  |TAMS 0x0000000696800000, 0x0000000696800000| Untracked 
|  84|0x0000000696c00000, 0x0000000696c00000, 0x0000000697000000|  0%| F|  |TAMS 0x0000000696c00000, 0x0000000696c00000| Untracked 
|  85|0x0000000697000000, 0x0000000697000000, 0x0000000697400000|  0%| F|  |TAMS 0x0000000697000000, 0x0000000697000000| Untracked 
|  86|0x0000000697400000, 0x0000000697400000, 0x0000000697800000|  0%| F|  |TAMS 0x0000000697400000, 0x0000000697400000| Untracked 
|  87|0x0000000697800000, 0x0000000697800000, 0x0000000697c00000|  0%| F|  |TAMS 0x0000000697800000, 0x0000000697800000| Untracked 
|  88|0x0000000697c00000, 0x0000000697c00000, 0x0000000698000000|  0%| F|  |TAMS 0x0000000697c00000, 0x0000000697c00000| Untracked 
|  89|0x0000000698000000, 0x0000000698000000, 0x0000000698400000|  0%| F|  |TAMS 0x0000000698000000, 0x0000000698000000| Untracked 
|  90|0x0000000698400000, 0x0000000698800000, 0x0000000698800000|100%| S|CS|TAMS 0x0000000698400000, 0x0000000698400000| Complete 
|  91|0x0000000698800000, 0x0000000698800000, 0x0000000698c00000|  0%| F|  |TAMS 0x0000000698800000, 0x0000000698800000| Untracked 
|  92|0x0000000698c00000, 0x0000000698c00000, 0x0000000699000000|  0%| F|  |TAMS 0x0000000698c00000, 0x0000000698c00000| Untracked 
|  93|0x0000000699000000, 0x0000000699000000, 0x0000000699400000|  0%| F|  |TAMS 0x0000000699000000, 0x0000000699000000| Untracked 
|  94|0x0000000699400000, 0x0000000699400000, 0x0000000699800000|  0%| F|  |TAMS 0x0000000699400000, 0x0000000699400000| Untracked 
|  95|0x0000000699800000, 0x0000000699800000, 0x0000000699c00000|  0%| F|  |TAMS 0x0000000699800000, 0x0000000699800000| Untracked 

Card table byte_map: [0x000001492f6e0000,0x00000149302e0000] _byte_map_base: 0x000001492c2d2000

Marking Bits (Prev, Next): (CMBitMap*) 0x0000014917f062f0, (CMBitMap*) 0x0000014917f06330
 Prev Bits: [0x0000014930ee0000, 0x0000014936e70000)
 Next Bits: [0x0000014936e70000, 0x000001493ce00000)

Polling page: 0x0000014915e50000

Metaspace:

Usage:
  Non-class:    256.81 KB used.
      Class:     10.12 KB used.
       Both:    266.93 KB used.

Virtual space:
  Non-class space:       64.00 MB reserved,     320.00 KB ( <1%) committed,  1 nodes.
      Class space:        1.00 GB reserved,     128.00 KB ( <1%) committed,  1 nodes.
             Both:        1.06 GB reserved,     448.00 KB ( <1%) committed. 

Chunk freelists:
   Non-Class:  3.99 MB
       Class:  3.75 MB
        Both:  7.74 MB

MaxMetaspaceSize: unlimited
CompressedClassSpaceSize: 1.00 GB
Initial GC threshold: 21.00 MB
Current GC threshold: 21.00 MB
CDS: on
MetaspaceReclaimPolicy: balanced
 - commit_granule_bytes: 65536.
 - commit_granule_words: 8192.
 - virtual_space_node_default_size: 8388608.
 - enlarge_chunks_in_place: 1.
 - new_chunks_are_fully_committed: 0.
 - uncommit_free_chunks: 1.
 - use_allocation_guard: 0.


Internal statistics:

num_allocs_failed_limit: 0.
num_arena_births: 4.
num_arena_deaths: 0.
num_vsnodes_births: 2.
num_vsnodes_deaths: 0.
num_space_committed: 7.
num_space_uncommitted: 0.
num_chunks_returned_to_freelist: 0.
num_chunks_taken_from_freelist: 5.
num_chunk_merges: 0.
num_chunk_splits: 2.
num_chunks_enlarged: 1.
num_inconsistent_stats: 0.

CodeHeap 'non-profiled nmethods': size=120000Kb used=127Kb max_used=127Kb free=119872Kb
 bounds [0x0000014927280000, 0x00000149274f0000, 0x000001492e7b0000]
CodeHeap 'profiled nmethods': size=120000Kb used=373Kb max_used=373Kb free=119626Kb
 bounds [0x000001491fd50000, 0x000001491ffc0000, 0x0000014927280000]
CodeHeap 'non-nmethods': size=5760Kb used=1044Kb max_used=1067Kb free=4715Kb
 bounds [0x000001491f7b0000, 0x000001491fa20000, 0x000001491fd50000]
 total_blobs=491 nmethods=201 adapters=203
 compilation: enabled
              stopped_count=0, restarted_count=0
 full_count=0

Compilation events (20 events):
Event: 0.288 Thread 0x000001493f1d3a90 nmethod 191 0x000001491fd9d010 code [0x000001491fd9d200, 0x000001491fd9d768]
Event: 0.294 Thread 0x0000014943d39320 nmethod 192 0x000001492729af10 code [0x000001492729b0c0, 0x000001492729b4a8]
Event: 0.299 Thread 0x0000014943d39320  193       4       java.nio.CharBuffer::arrayOffset (35 bytes)
Event: 0.300 Thread 0x0000014943d39320 nmethod 193 0x000001492729b690 code [0x000001492729b800, 0x000001492729b8b8]
Event: 0.301 Thread 0x000001493f1d3a90  194       3       sun.nio.cs.UTF_8$Decoder::decodeArrayLoop (688 bytes)
Event: 0.304 Thread 0x000001493f1d3a90 nmethod 194 0x000001491fd9d910 code [0x000001491fd9e1c0, 0x000001491fda3e58]
Event: 0.307 Thread 0x000001493f1d31a0  195       4       sun.nio.cs.UTF_8$Decoder::decodeArrayLoop (688 bytes)
Event: 0.336 Thread 0x0000014943d39320  196       4       java.lang.AbstractStringBuilder::ensureCapacityInternal (39 bytes)
Event: 0.339 Thread 0x0000014943d39320 nmethod 196 0x000001492729b990 code [0x000001492729bb20, 0x000001492729bf68]
Event: 0.339 Thread 0x0000014943d39320  197       4       java.lang.StringBuilder::append (10 bytes)
Event: 0.342 Thread 0x000001493f1d31a0 nmethod 195 0x000001492729c090 code [0x000001492729c2a0, 0x000001492729d390]
Event: 0.345 Thread 0x000001493f1d31a0  198       4       java.nio.Buffer::limit (65 bytes)
Event: 0.346 Thread 0x000001493f1d31a0 nmethod 198 0x000001492729e010 code [0x000001492729e180, 0x000001492729e278]
Event: 0.348 Thread 0x000001493f1d31a0  199   !   4       java.nio.charset.CharsetDecoder::decode (275 bytes)
Event: 0.348 Thread 0x000001493f1d3a90  201       3       sun.nio.cs.UTF_8$Decoder::decodeArrayLoop (688 bytes)
Event: 0.350 Thread 0x000001493f1d31a0 nmethod 199 0x000001492729e390 code [0x000001492729e540, 0x000001492729e7c8]
Event: 0.350 Thread 0x000001493f1d31a0  200       4       sun.nio.cs.UTF_8$Decoder::decodeLoop (28 bytes)
Event: 0.351 Thread 0x0000014943d39320 nmethod 197 0x000001492729eb90 code [0x000001492729ed60, 0x000001492729f630]
Event: 0.351 Thread 0x000001493f1d31a0 nmethod 200 0x000001492729fa90 code [0x000001492729fc20, 0x000001492729fd68]
Event: 0.352 Thread 0x000001493f1d3a90 nmethod 201 0x000001491fda5810 code [0x000001491fda60c0, 0x000001491fdabd58]

GC Heap History (9 events):
Event: 0.185 GC heap before
{Heap before GC invocations=0 (full 0):
 garbage-first heap   total 393216K, used 20480K [0x0000000681c00000, 0x0000000800000000)
  region size 4096K, 5 young (20480K), 0 survivors (0K)
 Metaspace       used 266K, committed 448K, reserved 1114112K
  class space    used 10K, committed 128K, reserved 1048576K
}
Event: 0.198 GC heap after
{Heap after GC invocations=1 (full 0):
 garbage-first heap   total 393216K, used 19288K [0x0000000681c00000, 0x0000000800000000)
  region size 4096K, 1 young (4096K), 1 survivors (4096K)
 Metaspace       used 266K, committed 448K, reserved 1114112K
  class space    used 10K, committed 128K, reserved 1048576K
}
Event: 0.227 GC heap before
{Heap before GC invocations=1 (full 0):
 garbage-first heap   total 393216K, used 31576K [0x0000000681c00000, 0x0000000800000000)
  region size 4096K, 4 young (16384K), 1 survivors (4096K)
 Metaspace       used 266K, committed 448K, reserved 1114112K
  class space    used 10K, committed 128K, reserved 1048576K
}
Event: 0.237 GC heap after
{Heap after GC invocations=2 (full 0):
 garbage-first heap   total 393216K, used 32768K [0x0000000681c00000, 0x0000000800000000)
  region size 4096K, 1 young (4096K), 1 survivors (4096K)
 Metaspace       used 266K, committed 448K, reserved 1114112K
  class space    used 10K, committed 128K, reserved 1048576K
}
Event: 0.273 GC heap before
{Heap before GC invocations=2 (full 0):
 garbage-first heap   total 393216K, used 49152K [0x0000000681c00000, 0x0000000800000000)
  region size 4096K, 4 young (16384K), 1 survivors (4096K)
 Metaspace       used 266K, committed 448K, reserved 1114112K
  class space    used 10K, committed 128K, reserved 1048576K
}
Event: 0.283 GC heap after
{Heap after GC invocations=3 (full 0):
 garbage-first heap   total 393216K, used 50306K [0x0000000681c00000, 0x0000000800000000)
  region size 4096K, 1 young (4096K), 1 survivors (4096K)
 Metaspace       used 266K, committed 448K, reserved 1114112K
  class space    used 10K, committed 128K, reserved 1048576K
}
Event: 0.307 GC heap before
{Heap before GC invocations=3 (full 0):
 garbage-first heap   total 393216K, used 62594K [0x0000000681c00000, 0x0000000800000000)
  region size 4096K, 4 young (16384K), 1 survivors (4096K)
 Metaspace       used 266K, committed 448K, reserved 1114112K
  class space    used 10K, committed 128K, reserved 1048576K
}
Event: 0.318 GC heap after
{Heap after GC invocations=4 (full 0):
 garbage-first heap   total 393216K, used 63199K [0x0000000681c00000, 0x0000000800000000)
  region size 4096K, 1 young (4096K), 1 survivors (4096K)
 Metaspace       used 266K, committed 448K, reserved 1114112K
  class space    used 10K, committed 128K, reserved 1048576K
}
Event: 0.355 GC heap before
{Heap before GC invocations=4 (full 0):
 garbage-first heap   total 393216K, used 79583K [0x0000000681c00000, 0x0000000800000000)
  region size 4096K, 5 young (20480K), 1 survivors (4096K)
 Metaspace       used 266K, committed 448K, reserved 1114112K
  class space    used 10K, committed 128K, reserved 1048576K
}

Deoptimization events (20 events):
Event: 0.339 Thread 0x0000014917e76a90 DEOPT PACKING pc=0x000001491fda2fac sp=0x0000001a239feb60
Event: 0.339 Thread 0x0000014917e76a90 DEOPT UNPACKING pc=0x000001491f802b43 sp=0x0000001a239fe0b8 mode 0
Event: 0.340 Thread 0x0000014917e76a90 DEOPT PACKING pc=0x000001491fda2fac sp=0x0000001a239feb60
Event: 0.340 Thread 0x0000014917e76a90 DEOPT UNPACKING pc=0x000001491f802b43 sp=0x0000001a239fe0b8 mode 0
Event: 0.340 Thread 0x0000014917e76a90 DEOPT PACKING pc=0x000001491fda2fac sp=0x0000001a239feb60
Event: 0.340 Thread 0x0000014917e76a90 DEOPT UNPACKING pc=0x000001491f802b43 sp=0x0000001a239fe0b8 mode 0
Event: 0.340 Thread 0x0000014917e76a90 DEOPT PACKING pc=0x000001491fda2fac sp=0x0000001a239feb60
Event: 0.340 Thread 0x0000014917e76a90 DEOPT UNPACKING pc=0x000001491f802b43 sp=0x0000001a239fe0b8 mode 0
Event: 0.341 Thread 0x0000014917e76a90 DEOPT PACKING pc=0x000001491fda2fac sp=0x0000001a239feb60
Event: 0.341 Thread 0x0000014917e76a90 DEOPT UNPACKING pc=0x000001491f802b43 sp=0x0000001a239fe0b8 mode 0
Event: 0.348 Thread 0x0000014917e76a90 Uncommon trap: trap_request=0xffffff45 fr.pc=0x000001492729cdcc relative=0x0000000000000b2c
Event: 0.348 Thread 0x0000014917e76a90 Uncommon trap: reason=unstable_if action=reinterpret pc=0x000001492729cdcc method=java.lang.Character.isSurrogate(C)Z @ 3 c2
Event: 0.348 Thread 0x0000014917e76a90 DEOPT PACKING pc=0x000001492729cdcc sp=0x0000001a239fec70
Event: 0.348 Thread 0x0000014917e76a90 DEOPT UNPACKING pc=0x000001491f8023a3 sp=0x0000001a239feb58 mode 2
Event: 0.353 Thread 0x0000014917e76a90 DEOPT PACKING pc=0x000001491fdaaeac sp=0x0000001a239fec20
Event: 0.353 Thread 0x0000014917e76a90 DEOPT UNPACKING pc=0x000001491f802b43 sp=0x0000001a239fe178 mode 0
Event: 0.354 Thread 0x0000014917e76a90 DEOPT PACKING pc=0x000001491fdaaeac sp=0x0000001a239fec20
Event: 0.354 Thread 0x0000014917e76a90 DEOPT UNPACKING pc=0x000001491f802b43 sp=0x0000001a239fe178 mode 0
Event: 0.355 Thread 0x0000014917e76a90 DEOPT PACKING pc=0x000001491fdaaeac sp=0x0000001a239fec20
Event: 0.355 Thread 0x0000014917e76a90 DEOPT UNPACKING pc=0x000001491f802b43 sp=0x0000001a239fe178 mode 0

Classes loaded (20 events):
Event: 0.052 Loading class sun/nio/cs/UTF_8$Decoder
Event: 0.052 Loading class sun/nio/cs/UTF_8$Decoder done
Event: 0.054 Loading class jdk/internal/loader/URLClassPath$FileLoader$1
Event: 0.054 Loading class jdk/internal/loader/URLClassPath$FileLoader$1 done
Event: 0.056 Loading class java/io/IOException
Event: 0.056 Loading class java/io/IOException done
Event: 0.056 Loading class java/util/InputMismatchException
Event: 0.056 Loading class java/util/NoSuchElementException
Event: 0.056 Loading class java/util/NoSuchElementException done
Event: 0.056 Loading class java/util/InputMismatchException done
Event: 0.057 Loading class java/io/Reader
Event: 0.057 Loading class java/io/Reader done
Event: 0.057 Loading class java/io/FileReader
Event: 0.057 Loading class java/io/InputStreamReader
Event: 0.057 Loading class java/io/InputStreamReader done
Event: 0.057 Loading class java/io/FileReader done
Event: 0.057 Loading class java/io/BufferedReader
Event: 0.057 Loading class java/io/BufferedReader done
Event: 0.057 Loading class sun/nio/cs/StreamDecoder
Event: 0.057 Loading class sun/nio/cs/StreamDecoder done

Classes unloaded (0 events):
No events

Classes redefined (0 events):
No events

Internal exceptions (0 events):
No events

VM Operations (9 events):
Event: 0.185 Executing VM operation: G1CollectForAllocation
Event: 0.198 Executing VM operation: G1CollectForAllocation done
Event: 0.227 Executing VM operation: G1CollectForAllocation
Event: 0.237 Executing VM operation: G1CollectForAllocation done
Event: 0.273 Executing VM operation: G1CollectForAllocation
Event: 0.283 Executing VM operation: G1CollectForAllocation done
Event: 0.307 Executing VM operation: G1CollectForAllocation
Event: 0.318 Executing VM operation: G1CollectForAllocation done
Event: 0.355 Executing VM operation: G1CollectForAllocation

Events (17 events):
Event: 0.005 Loaded shared library D:\Java\jdk-18.0.1.1\bin\java.dll
Event: 0.017 Loaded shared library D:\Java\jdk-18.0.1.1\bin\jsvml.dll
Event: 0.017 Thread 0x0000014917e76a90 Thread added: 0x0000014917e76a90
Event: 0.019 Thread 0x000001493f1a6fb0 Thread added: 0x000001493f1a6fb0
Event: 0.019 Thread 0x000001493f1a7b20 Thread added: 0x000001493f1a7b20
Event: 0.030 Thread 0x000001493f1c3690 Thread added: 0x000001493f1c3690
Event: 0.030 Thread 0x000001493f1c3f40 Thread added: 0x000001493f1c3f40
Event: 0.031 Thread 0x000001493f1c6800 Thread added: 0x000001493f1c6800
Event: 0.031 Thread 0x000001493f1c70b0 Thread added: 0x000001493f1c70b0
Event: 0.031 Thread 0x000001493f1d31a0 Thread added: 0x000001493f1d31a0
Event: 0.031 Thread 0x000001493f1d3a90 Thread added: 0x000001493f1d3a90
Event: 0.031 Thread 0x000001493f1d6390 Thread added: 0x000001493f1d6390
Event: 0.050 Thread 0x0000014943ce3520 Thread added: 0x0000014943ce3520
Event: 0.054 Thread 0x0000014943d0adf0 Thread added: 0x0000014943d0adf0
Event: 0.068 Thread 0x0000014943d39320 Thread added: 0x0000014943d39320
Event: 0.084 Thread 0x0000014943eba950 Thread added: 0x0000014943eba950
Event: 0.307 Thread 0x0000014943eba950 Thread exited: 0x0000014943eba950


Dynamic libraries:
0x00007ff6f34a0000 - 0x00007ff6f34b0000 	D:\Java\jdk-18.0.1.1\bin\javaw.exe
0x00007ff8964b0000 - 0x00007ff8966a8000 	C:\Windows\SYSTEM32\ntdll.dll
0x00007ff894710000 - 0x00007ff8947cd000 	C:\Windows\System32\KERNEL32.DLL
0x00007ff893c80000 - 0x00007ff893f76000 	C:\Windows\System32\KERNELBASE.dll
0x00007ff8941b0000 - 0x00007ff8942b0000 	C:\Windows\System32\ucrtbase.dll
0x00007ff88ef90000 - 0x00007ff88efa8000 	D:\Java\jdk-18.0.1.1\bin\jli.dll
0x00007ff88ef70000 - 0x00007ff88ef8a000 	D:\Java\jdk-18.0.1.1\bin\VCRUNTIME140.dll
0x00007ff895840000 - 0x00007ff8958f0000 	C:\Windows\System32\ADVAPI32.dll
0x00007ff8945c0000 - 0x00007ff89465e000 	C:\Windows\System32\msvcrt.dll
0x00007ff8963d0000 - 0x00007ff896470000 	C:\Windows\System32\sechost.dll
0x00007ff895680000 - 0x00007ff8957a3000 	C:\Windows\System32\RPCRT4.dll
0x00007ff894460000 - 0x00007ff894487000 	C:\Windows\System32\bcrypt.dll
0x00007ff895b60000 - 0x00007ff895cff000 	C:\Windows\System32\USER32.dll
0x00007ff893f80000 - 0x00007ff893fa2000 	C:\Windows\System32\win32u.dll
0x00007ff87b540000 - 0x00007ff87b7da000 	C:\Windows\WinSxS\amd64_microsoft.windows.common-controls_6595b64144ccf1df_6.0.19041.3636_none_60b6a03d71f818d5\COMCTL32.dll
0x00007ff8957b0000 - 0x00007ff8957db000 	C:\Windows\System32\GDI32.dll
0x00007ff893b60000 - 0x00007ff893c77000 	C:\Windows\System32\gdi32full.dll
0x00007ff893fb0000 - 0x00007ff89404d000 	C:\Windows\System32\msvcp_win.dll
0x00007ff88c770000 - 0x00007ff88c77a000 	C:\Windows\SYSTEM32\VERSION.dll
0x00007ff894890000 - 0x00007ff8948c2000 	C:\Windows\System32\IMM32.DLL
0x00007ff88ef60000 - 0x00007ff88ef6c000 	D:\Java\jdk-18.0.1.1\bin\vcruntime140_1.dll
0x00007ff886c60000 - 0x00007ff886ced000 	D:\Java\jdk-18.0.1.1\bin\msvcp140.dll
0x00007ff80d660000 - 0x00007ff80e270000 	D:\Java\jdk-18.0.1.1\bin\server\jvm.dll
0x00007ff895d00000 - 0x00007ff895d08000 	C:\Windows\System32\PSAPI.DLL
0x00007ff8756a0000 - 0x00007ff8756a9000 	C:\Windows\SYSTEM32\WSOCK32.dll
0x00007ff883640000 - 0x00007ff883667000 	C:\Windows\SYSTEM32\WINMM.dll
0x00007ff8962b0000 - 0x00007ff89631b000 	C:\Windows\System32\WS2_32.dll
0x00007ff892380000 - 0x00007ff892392000 	C:\Windows\SYSTEM32\kernel.appcore.dll
0x00007ff88efb0000 - 0x00007ff88efba000 	D:\Java\jdk-18.0.1.1\bin\jimage.dll
0x00007ff8917a0000 - 0x00007ff891984000 	C:\Windows\SYSTEM32\DBGHELP.DLL
0x00007ff8798c0000 - 0x00007ff8798f4000 	C:\Windows\SYSTEM32\dbgcore.DLL
0x00007ff894320000 - 0x00007ff8943a2000 	C:\Windows\System32\bcryptPrimitives.dll
0x00007ff889c90000 - 0x00007ff889cb5000 	D:\Java\jdk-18.0.1.1\bin\java.dll
0x00007ff868f10000 - 0x00007ff868fe6000 	D:\Java\jdk-18.0.1.1\bin\jsvml.dll
0x00007ff8948d0000 - 0x00007ff89503b000 	C:\Windows\System32\SHELL32.dll
0x00007ff891bd0000 - 0x00007ff89236e000 	C:\Windows\SYSTEM32\windows.storage.dll
0x00007ff895200000 - 0x00007ff895553000 	C:\Windows\System32\combase.dll
0x00007ff893590000 - 0x00007ff8935be000 	C:\Windows\SYSTEM32\Wldp.dll
0x00007ff8961e0000 - 0x00007ff8962ad000 	C:\Windows\System32\OLEAUT32.dll
0x00007ff896320000 - 0x00007ff8963cd000 	C:\Windows\System32\SHCORE.dll
0x00007ff8957e0000 - 0x00007ff895835000 	C:\Windows\System32\shlwapi.dll
0x00007ff893a90000 - 0x00007ff893ab3000 	C:\Windows\SYSTEM32\profapi.dll

dbghelp: loaded successfully - version: 4.0.5 - missing functions: none
symbol engine: initialized successfully - sym options: 0x614 - pdb path: .;D:\Java\jdk-18.0.1.1\bin;C:\Windows\SYSTEM32;C:\Windows\WinSxS\amd64_microsoft.windows.common-controls_6595b64144ccf1df_6.0.19041.3636_none_60b6a03d71f818d5;D:\Java\jdk-18.0.1.1\bin\server

VM Arguments:
jvm_args: -Dfile.encoding=UTF-8 -Dstdout.encoding=UTF-8 -Dstderr.encoding=UTF-8 -XX:+ShowCodeDetailsInExceptionMessages 
java_command: Assignment.Hashing_Search
java_class_path (initial): C:\Users\WELCOME\OneDrive\Desktop\Problem Solving\UECS2453_Assignment_URL\bin;C:\Users\WELCOME\OneDrive\Desktop\Problem Solving\json-20240303.jar
Launcher Type: SUN_STANDARD

[Global flags]
     intx CICompilerCount                          = 4                                         {product} {ergonomic}
     uint ConcGCThreads                            = 2                                         {product} {ergonomic}
     uint G1ConcRefinementThreads                  = 8                                         {product} {ergonomic}
   size_t G1HeapRegionSize                         = 4194304                                   {product} {ergonomic}
    uintx GCDrainStackTargetSize                   = 64                                        {product} {ergonomic}
   size_t InitialHeapSize                          = 402653184                                 {product} {ergonomic}
   size_t MarkStackSize                            = 4194304                                   {product} {ergonomic}
   size_t MaxHeapSize                              = 6413090816                                {product} {ergonomic}
   size_t MaxNewSize                               = 3846176768                                {product} {ergonomic}
   size_t MinHeapDeltaBytes                        = 4194304                                   {product} {ergonomic}
   size_t MinHeapSize                              = 8388608                                   {product} {ergonomic}
    uintx NonNMethodCodeHeapSize                   = 5839372                                {pd product} {ergonomic}
    uintx NonProfiledCodeHeapSize                  = 122909434                              {pd product} {ergonomic}
    uintx ProfiledCodeHeapSize                     = 122909434                              {pd product} {ergonomic}
    uintx ReservedCodeCacheSize                    = 251658240                              {pd product} {ergonomic}
     bool SegmentedCodeCache                       = true                                      {product} {ergonomic}
     bool ShowCodeDetailsInExceptionMessages       = true                                   {manageable} {command line}
   size_t SoftMaxHeapSize                          = 6413090816                             {manageable} {ergonomic}
     bool UseCompressedClassPointers               = true                           {product lp64_product} {ergonomic}
     bool UseCompressedOops                        = true                           {product lp64_product} {ergonomic}
     bool UseG1GC                                  = true                                      {product} {ergonomic}
     bool UseLargePagesIndividualAllocation        = false                                  {pd product} {ergonomic}

Logging:
Log output configuration:
 #0: stdout all=warning uptime,level,tags foldmultilines=false
 #1: stderr all=off uptime,level,tags foldmultilines=false

Environment Variables:
JAVA_HOME=D:\Java\jdk-18.0.1.1
PATH=D:/Java/jdk-18.0.1.1/bin/server;D:/Java/jdk-18.0.1.1/bin;C:\Program Files\Common Files\Oracle\Java\javapath;C:\Windows\system32;C:\Windows;C:\Windows\System32\Wbem;C:\Windows\System32\WindowsPowerShell\v1.0\;C:\Windows\System32\OpenSSH\;C:\Program Files\Docker\Docker\resources\bin;D:\;C:\Program Files\Git\cmd;C:\Program Files\MySQL\MySQL Shell 8.0\bin\;D:\Node.js;D:\Android\Sdk\platform-tools;C:\Users\WELCOME\AppData\Local\GitHubDesktop\bin;C:\Users\WELCOME\AppData\Local\Programs\Microsoft VS Code\bin;C:\Users\WELCOME\AppData\Roaming\npm;C:\Users\WELCOME\OneDrive\Desktop;
USERNAME=WELCOME
OS=Windows_NT
PROCESSOR_IDENTIFIER=Intel64 Family 6 Model 142 Stepping 10, GenuineIntel



---------------  S Y S T E M  ---------------

OS:
 Windows 10 , 64 bit Build 19041 (10.0.19041.3636)
OS uptime: 0 days 8:41 hours

CPU: total 8 (initial active 8) (4 cores per cpu, 2 threads per core) family 6 model 142 stepping 10 microcode 0xe0, cx8, cmov, fxsr, ht, mmx, 3dnowpref, sse, sse2, sse3, ssse3, sse4.1, sse4.2, popcnt, lzcnt, tsc, tscinvbit, avx, avx2, aes, erms, clmul, bmi1, bmi2, adx, fma, vzeroupper, clflush, clflushopt

Memory: 4k page, system-wide physical 24456M (12301M free)
TotalPageFile size 38611M (AvailPageFile size 410M)
current process WorkingSet (physical memory assigned to process): 124M, peak: 124M
current process commit charge ("private bytes"): 481M, peak: 1085M

vm_info: Java HotSpot(TM) 64-Bit Server VM (18.0.1.1+2-6) for windows-amd64 JRE (18.0.1.1+2-6), built on Apr 25 2022 21:53:15 by "mach5one" with MS VC++ 16.8 / 16.9 (VS2019)

END.
